TestData/Temp/gradleOut/build/outputs/logs/manifest-merger-release-report.txt
-- Merging decision tree log ---
manifest
ADDED from src\main\AndroidManifest.xml:7:1-30:12
INJECTED from src\main\AndroidManifest.xml:7:1-30:12
INJECTED from src\main\AndroidManifest.xml:7:1-30:12
INJECTED from src\main\AndroidManifest.xml:7:1-30:12
MERGED from [:admoblib-release:] AndroidManifest.xml:2:1-13:12
MERGED from [:customtabs-26.1.0:] AndroidManifest.xml:17:1-28:12
MERGED from [:play-services-ads-17.0.0:] AndroidManifest.xml:17:1-25:12
MERGED from [:play-services-ads-base-17.0.0:] AndroidManifest.xml:2:1-9:12
MERGED from [:play-services-ads-identifier-16.0.0:] AndroidManifest.xml:17:1-24:12
MERGED from [:play-services-ads-lite-17.0.0:] AndroidManifest.xml:17:1-42:12
MERGED from [:play-services-basement-16.0.1:] AndroidManifest.xml:17:1-28:12
MERGED from [:play-services-gass-17.0.0:] AndroidManifest.xml:2:1-9:12
MERGED from [:play-services-measurement-base-16.0.3:] AndroidManifest.xml:2:1-9:12
MERGED from [:play-services-measurement-sdk-api-16.0.2:] AndroidManifest.xml:17:1-30:12
MERGED from [:runtime-1.0.0:] AndroidManifest.xml:17:1-30:12
MERGED from [:support-compat-26.1.0:] AndroidManifest.xml:17:1-31:12
MERGED from [:support-core-ui-26.1.0:] AndroidManifest.xml:17:1-31:12
MERGED from [:support-core-utils-26.1.0:] AndroidManifest.xml:17:1-31:12
MERGED from [:support-fragment-26.1.0:] AndroidManifest.xml:17:1-31:12
MERGED from [:support-media-compat-26.1.0:] AndroidManifest.xml:17:1-31:12
MERGED from [:support-v4-26.1.0:] AndroidManifest.xml:17:1-31:12
MERGED from [:unity-adapter-2.1.0.0:] AndroidManifest.xml:2:1-12:12
MERGED from [:unity-ads-sdk-2.1:] AndroidManifest.xml:2:1-27:12
INJECTED from src\main\AndroidManifest.xml:7:1-30:12
INJECTED from src\main\AndroidManifest.xml:7:1-30:12
INJECTED from src\main\AndroidManifest.xml:7:1-30:12
	package
		ADDED from src\main\AndroidManifest.xml:7:117-135
		INJECTED from src\main\AndroidManifest.xml
		INJECTED from src\main\AndroidManifest.xml
	android:versionName
		INJECTED from src\main\AndroidManifest.xml
		ADDED from src\main\AndroidManifest.xml:7:1-30:12
		INJECTED from src\main\AndroidManifest.xml
	xmlns:tools
		ADDED from src\main\AndroidManifest.xml:7:70-116
	android:versionCode
		INJECTED from src\main\AndroidManifest.xml
		ADDED from src\main\AndroidManifest.xml:7:1-30:12
		INJECTED from src\main\AndroidManifest.xml
	xmlns:android
		ADDED from src\main\AndroidManifest.xml:7:11-69
	android:installLocation
		ADDED from src\main\AndroidManifest.xml:7:136-176
uses-permission#android.permission.ACCESS_NETWORK_STATE
ADDED from src\main\AndroidManifest.xml:9:3-77
MERGED from [:play-services-ads-lite-17.0.0:] AndroidManifest.xml:24:5-79
MERGED from [:play-services-ads-lite-17.0.0:] AndroidManifest.xml:24:5-79
MERGED from [:play-services-measurement-sdk-api-16.0.2:] AndroidManifest.xml:24:5-79
MERGED from [:play-services-measurement-sdk-api-16.0.2:] AndroidManifest.xml:24:5-79
MERGED from [:unity-ads-sdk-2.1:] AndroidManifest.xml:11:5-79
MERGED from [:unity-ads-sdk-2.1:] AndroidManifest.xml:11:5-79
	android:name
		ADDED from src\main\AndroidManifest.xml:9:20-74
uses-permission#android.permission.INTERNET
ADDED from src\main\AndroidManifest.xml:10:3-65
MERGED from [:admoblib-release:] AndroidManifest.xml:11:5-67
MERGED from [:admoblib-release:] AndroidManifest.xml:11:5-67
MERGED from [:play-services-ads-lite-17.0.0:] AndroidManifest.xml:23:5-67
MERGED from [:play-services-ads-lite-17.0.0:] AndroidManifest.xml:23:5-67
MERGED from [:play-services-measurement-sdk-api-16.0.2:] AndroidManifest.xml:23:5-67
MERGED from [:play-services-measurement-sdk-api-16.0.2:] AndroidManifest.xml:23:5-67
MERGED from [:unity-ads-sdk-2.1:] AndroidManifest.xml:12:5-67
MERGED from [:unity-ads-sdk-2.1:] AndroidManifest.xml:12:5-67
	android:name
		ADDED from src\main\AndroidManifest.xml:10:20-62
application
ADDED from src\main\AndroidManifest.xml:13:3-25:17
MERGED from [:customtabs-26.1.0:] AndroidManifest.xml:22:5-26:19
MERGED from [:customtabs-26.1.0:] AndroidManifest.xml:22:5-26:19
MERGED from [:play-services-ads-base-17.0.0:] AndroidManifest.xml:7:5-20
MERGED from [:play-services-ads-base-17.0.0:] AndroidManifest.xml:7:5-20
MERGED from [:play-services-ads-identifier-16.0.0:] AndroidManifest.xml:22:5-20
MERGED from [:play-services-ads-identifier-16.0.0:] AndroidManifest.xml:22:5-20
MERGED from [:play-services-ads-lite-17.0.0:] AndroidManifest.xml:26:5-40:19
MERGED from [:play-services-ads-lite-17.0.0:] AndroidManifest.xml:26:5-40:19
MERGED from [:play-services-basement-16.0.1:] AndroidManifest.xml:22:5-26:19
MERGED from [:play-services-basement-16.0.1:] AndroidManifest.xml:22:5-26:19
MERGED from [:play-services-gass-17.0.0:] AndroidManifest.xml:7:5-20
MERGED from [:play-services-gass-17.0.0:] AndroidManifest.xml:7:5-20
MERGED from [:play-services-measurement-base-16.0.3:] AndroidManifest.xml:7:5-20
MERGED from [:play-services-measurement-base-16.0.3:] AndroidManifest.xml:7:5-20
MERGED from [:play-services-measurement-sdk-api-16.0.2:] AndroidManifest.xml:27:5-28:19
MERGED from [:play-services-measurement-sdk-api-16.0.2:] AndroidManifest.xml:27:5-28:19
MERGED from [:runtime-1.0.0:] AndroidManifest.xml:24:5-28:19
MERGED from [:runtime-1.0.0:] AndroidManifest.xml:24:5-28:19
MERGED from [:support-compat-26.1.0:] AndroidManifest.xml:25:5-29:19
MERGED from [:support-compat-26.1.0:] AndroidManifest.xml:25:5-29:19
MERGED from [:support-core-ui-26.1.0:] AndroidManifest.xml:25:5-29:19
MERGED from [:support-core-ui-26.1.0:] AndroidManifest.xml:25:5-29:19
MERGED from [:support-core-utils-26.1.0:] AndroidManifest.xml:25:5-29:19
MERGED from [:support-core-utils-26.1.0:] AndroidManifest.xml:25:5-29:19
MERGED from [:support-fragment-26.1.0:] AndroidManifest.xml:25:5-29:19
MERGED from [:support-fragment-26.1.0:] AndroidManifest.xml:25:5-29:19
MERGED from [:support-media-compat-26.1.0:] AndroidManifest.xml:25:5-29:19
MERGED from [:support-media-compat-26.1.0:] AndroidManifest.xml:25:5-29:19
MERGED from [:support-v4-26.1.0:] AndroidManifest.xml:25:5-29:19
MERGED from [:support-v4-26.1.0:] AndroidManifest.xml:25:5-29:19
MERGED from [:unity-ads-sdk-2.1:] AndroidManifest.xml:14:5-25:19
MERGED from [:unity-ads-sdk-2.1:] AndroidManifest.xml:14:5-25:19
	android:label
		ADDED from src\main\AndroidManifest.xml:13:58-90
	android:icon
		ADDED from src\main\AndroidManifest.xml:13:151-182
	android:banner
		ADDED from src\main\AndroidManifest.xml:13:113-150
	android:theme
		ADDED from src\main\AndroidManifest.xml:13:16-57
	android:isGame
		ADDED from src\main\AndroidManifest.xml:13:91-112
activity#com.unity3d.player.UnityPlayerActivity
ADDED from src\main\AndroidManifest.xml:14:5-20:16
	android:screenOrientation
		ADDED from src\main\AndroidManifest.xml:14:102-140
	android:label
		ADDED from src\main\AndroidManifest.xml:14:69-101
	android:launchMode
		ADDED from src\main\AndroidManifest.xml:14:141-172
	android:hardwareAccelerated
		ADDED from src\main\AndroidManifest.xml:14:355-390
	android:configChanges
		ADDED from src\main\AndroidManifest.xml:14:173-354
	android:name
		ADDED from src\main\AndroidManifest.xml:14:15-68
intent-filter#android.intent.action.MAIN+android.intent.category.LAUNCHER+android.intent.category.LEANBACK_LAUNCHER
ADDED from src\main\AndroidManifest.xml:15:7-19:23
action#android.intent.action.MAIN
ADDED from src\main\AndroidManifest.xml:16:9-61
	android:name
		ADDED from src\main\AndroidManifest.xml:16:17-58
category#android.intent.category.LAUNCHER
ADDED from src\main\AndroidManifest.xml:17:9-69
	android:name
		ADDED from src\main\AndroidManifest.xml:17:19-66
category#android.intent.category.LEANBACK_LAUNCHER
ADDED from src\main\AndroidManifest.xml:18:9-78
	android:name
		ADDED from src\main\AndroidManifest.xml:18:19-75
meta-data#com.google.android.gms.ads.APPLICATION_ID
ADDED from src\main\AndroidManifest.xml:21:5-130
	android:value
		ADDED from src\main\AndroidManifest.xml:21:73-127
	android:name
		ADDED from src\main\AndroidManifest.xml:21:16-72
meta-data#unity.build-id
ADDED from src\main\AndroidManifest.xml:22:5-101
	android:value
		ADDED from src\main\AndroidManifest.xml:22:46-98
	android:name
		ADDED from src\main\AndroidManifest.xml:22:16-45
meta-data#unity.splash-mode
ADDED from src\main\AndroidManifest.xml:23:5-69
	android:value
		ADDED from src\main\AndroidManifest.xml:23:49-66
	android:name
		ADDED from src\main\AndroidManifest.xml:23:16-48
meta-data#unity.splash-enable
ADDED from src\main\AndroidManifest.xml:24:5-74
	android:value
		ADDED from src\main\AndroidManifest.xml:24:51-71
	android:name
		ADDED from src\main\AndroidManifest.xml:24:16-50
uses-feature#0x00020000
ADDED from src\main\AndroidManifest.xml:26:3-52
	android:glEsVersion
		ADDED from src\main\AndroidManifest.xml:26:17-49
uses-feature#android.hardware.touchscreen
ADDED from src\main\AndroidManifest.xml:27:3-88
	android:required
		ADDED from src\main\AndroidManifest.xml:27:61-85
	android:name
		ADDED from src\main\AndroidManifest.xml:27:17-60
uses-feature#android.hardware.touchscreen.multitouch
ADDED from src\main\AndroidManifest.xml:28:3-99
	android:required
		ADDED from src\main\AndroidManifest.xml:28:72-96
	android:name
		ADDED from src\main\AndroidManifest.xml:28:17-71
uses-feature#android.hardware.touchscreen.multitouch.distinct
ADDED from src\main\AndroidManifest.xml:29:3-108
	android:required
		ADDED from src\main\AndroidManifest.xml:29:81-105
	android:name
		ADDED from src\main\AndroidManifest.xml:29:17-80
uses-sdk
INJECTED from src\main\AndroidManifest.xml reason: use-sdk injection requested
INJECTED from src\main\AndroidManifest.xml
INJECTED from src\main\AndroidManifest.xml
MERGED from [:admoblib-release:] AndroidManifest.xml:7:5-9:41
MERGED from [:admoblib-release:] AndroidManifest.xml:7:5-9:41
MERGED from [:customtabs-26.1.0:] AndroidManifest.xml:20:5-44
MERGED from [:customtabs-26.1.0:] AndroidManifest.xml:20:5-44
MERGED from [:play-services-ads-17.0.0:] AndroidManifest.xml:21:5-23:62
MERGED from [:play-services-ads-17.0.0:] AndroidManifest.xml:21:5-23:62
MERGED from [:play-services-ads-base-17.0.0:] AndroidManifest.xml:5:5-44
MERGED from [:play-services-ads-base-17.0.0:] AndroidManifest.xml:5:5-44
MERGED from [:play-services-ads-identifier-16.0.0:] AndroidManifest.xml:20:5-44
MERGED from [:play-services-ads-identifier-16.0.0:] AndroidManifest.xml:20:5-44
MERGED from [:play-services-ads-lite-17.0.0:] AndroidManifest.xml:20:5-44
MERGED from [:play-services-ads-lite-17.0.0:] AndroidManifest.xml:20:5-44
MERGED from [:play-services-basement-16.0.1:] AndroidManifest.xml:20:5-44
MERGED from [:play-services-basement-16.0.1:] AndroidManifest.xml:20:5-44
MERGED from [:play-services-gass-17.0.0:] AndroidManifest.xml:5:5-44
MERGED from [:play-services-gass-17.0.0:] AndroidManifest.xml:5:5-44
MERGED from [:play-services-measurement-base-16.0.3:] AndroidManifest.xml:5:5-44
MERGED from [:play-services-measurement-base-16.0.3:] AndroidManifest.xml:5:5-44
MERGED from [:play-services-measurement-sdk-api-16.0.2:] AndroidManifest.xml:20:5-44
MERGED from [:play-services-measurement-sdk-api-16.0.2:] AndroidManifest.xml:20:5-44
MERGED from [:runtime-1.0.0:] AndroidManifest.xml:20:5-22:41
MERGED from [:runtime-1.0.0:] AndroidManifest.xml:20:5-22:41
MERGED from [:support-compat-26.1.0:] AndroidManifest.xml:21:5-23:58
MERGED from [:support-compat-26.1.0:] AndroidManifest.xml:21:5-23:58
MERGED from [:support-core-ui-26.1.0:] AndroidManifest.xml:21:5-23:58
MERGED from [:support-core-ui-26.1.0:] AndroidManifest.xml:21:5-23:58
MERGED from [:support-core-utils-26.1.0:] AndroidManifest.xml:21:5-23:61
MERGED from [:support-core-utils-26.1.0:] AndroidManifest.xml:21:5-23:61
MERGED from [:support-fragment-26.1.0:] AndroidManifest.xml:21:5-23:60
MERGED from [:support-fragment-26.1.0:] AndroidManifest.xml:21:5-23:60
MERGED from [:support-media-compat-26.1.0:] AndroidManifest.xml:21:5-23:63
MERGED from [:support-media-compat-26.1.0:] AndroidManifest.xml:21:5-23:63
MERGED from [:support-v4-26.1.0:] AndroidManifest.xml:21:5-23:54
MERGED from [:support-v4-26.1.0:] AndroidManifest.xml:21:5-23:54
MERGED from [:unity-adapter-2.1.0.0:] AndroidManifest.xml:8:5-10:11
MERGED from [:unity-adapter-2.1.0.0:] AndroidManifest.xml:8:5-10:11
MERGED from [:unity-ads-sdk-2.1:] AndroidManifest.xml:7:5-9:41
MERGED from [:unity-ads-sdk-2.1:] AndroidManifest.xml:7:5-9:41
INJECTED from src\main\AndroidManifest.xml
INJECTED from src\main\AndroidManifest.xml
	tools:overrideLibrary
		ADDED from [:play-services-ads-17.0.0:] AndroidManifest.xml:23:9-59
	android:targetSdkVersion
		INJECTED from src\main\AndroidManifest.xml
		ADDED from src\main\AndroidManifest.xml
		INJECTED from src\main\AndroidManifest.xml
	android:minSdkVersion
		INJECTED from src\main\AndroidManifest.xml
		ADDED from src\main\AndroidManifest.xml
		INJECTED from src\main\AndroidManifest.xml
meta-data#android.support.VERSION
ADDED from [:customtabs-26.1.0:] AndroidManifest.xml:23:9-25:38
MERGED from [:support-compat-26.1.0:] AndroidManifest.xml:26:9-28:38
MERGED from [:support-compat-26.1.0:] AndroidManifest.xml:26:9-28:38
MERGED from [:support-core-ui-26.1.0:] AndroidManifest.xml:26:9-28:38
MERGED from [:support-core-ui-26.1.0:] AndroidManifest.xml:26:9-28:38
MERGED from [:support-core-utils-26.1.0:] AndroidManifest.xml:26:9-28:38
MERGED from [:support-core-utils-26.1.0:] AndroidManifest.xml:26:9-28:38
MERGED from [:support-fragment-26.1.0:] AndroidManifest.xml:26:9-28:38
MERGED from [:support-fragment-26.1.0:] AndroidManifest.xml:26:9-28:38
MERGED from [:support-media-compat-26.1.0:] AndroidManifest.xml:26:9-28:38
MERGED from [:support-media-compat-26.1.0:] AndroidManifest.xml:26:9-28:38
MERGED from [:support-v4-26.1.0:] AndroidManifest.xml:26:9-28:38
MERGED from [:support-v4-26.1.0:] AndroidManifest.xml:26:9-28:38
	android:value
		ADDED from [:customtabs-26.1.0:] AndroidManifest.xml:25:13-35
	android:name
		ADDED from [:customtabs-26.1.0:] AndroidManifest.xml:24:13-51
activity#com.google.android.gms.ads.AdActivity
ADDED from [:play-services-ads-lite-17.0.0:] AndroidManifest.xml:29:9-33:64
	android:exported
		ADDED from [:play-services-ads-lite-17.0.0:] AndroidManifest.xml:32:13-37
	android:configChanges
		ADDED from [:play-services-ads-lite-17.0.0:] AndroidManifest.xml:31:13-122
	android:theme
		ADDED from [:play-services-ads-lite-17.0.0:] AndroidManifest.xml:33:13-61
	android:name
		ADDED from [:play-services-ads-lite-17.0.0:] AndroidManifest.xml:30:13-65
provider#com.google.android.gms.ads.MobileAdsInitProvider
ADDED from [:play-services-ads-lite-17.0.0:] AndroidManifest.xml:35:9-39:39
	android:authorities
		ADDED from [:play-services-ads-lite-17.0.0:] AndroidManifest.xml:37:13-73
	android:exported
		ADDED from [:play-services-ads-lite-17.0.0:] AndroidManifest.xml:38:13-37
	android:initOrder
		ADDED from [:play-services-ads-lite-17.0.0:] AndroidManifest.xml:39:13-36
	android:name
		ADDED from [:play-services-ads-lite-17.0.0:] AndroidManifest.xml:36:13-76
meta-data#com.google.android.gms.version
ADDED from [:play-services-basement-16.0.1:] AndroidManifest.xml:23:9-25:69
	android:value
		ADDED from [:play-services-basement-16.0.1:] AndroidManifest.xml:25:13-66
	android:name
		ADDED from [:play-services-basement-16.0.1:] AndroidManifest.xml:24:13-58
uses-permission#android.permission.WAKE_LOCK
ADDED from [:play-services-measurement-sdk-api-16.0.2:] AndroidManifest.xml:25:5-68
	android:name
		ADDED from [:play-services-measurement-sdk-api-16.0.2:] AndroidManifest.xml:25:22-65
meta-data#android.arch.lifecycle.VERSION
ADDED from [:runtime-1.0.0:] AndroidManifest.xml:25:9-27:47
	android:value
		ADDED from [:runtime-1.0.0:] AndroidManifest.xml:27:13-44
	android:name
		ADDED from [:runtime-1.0.0:] AndroidManifest.xml:26:13-58
activity#com.unity3d.ads.adunit.AdUnitActivity
ADDED from [:unity-ads-sdk-2.1:] AndroidManifest.xml:15:9-19:74
	android:hardwareAccelerated
		ADDED from [:unity-ads-sdk-2.1:] AndroidManifest.xml:18:13-47
	android:configChanges
		ADDED from [:unity-ads-sdk-2.1:] AndroidManifest.xml:17:13-170
	android:theme
		ADDED from [:unity-ads-sdk-2.1:] AndroidManifest.xml:19:13-71
	android:name
		ADDED from [:unity-ads-sdk-2.1:] AndroidManifest.xml:16:13-65
activity#com.unity3d.ads.adunit.AdUnitSoftwareActivity
ADDED from [:unity-ads-sdk-2.1:] AndroidManifest.xml:20:9-24:74
	android:hardwareAccelerated
		ADDED from [:unity-ads-sdk-2.1:] AndroidManifest.xml:23:13-48
	android:configChanges
		ADDED from [:unity-ads-sdk-2.1:] AndroidManifest.xml:22:13-170
	android:theme
		ADDED from [:unity-ads-sdk-2.1:] AndroidManifest.xml:24:13-71
	android:name
		ADDED from [:unity-ads-sdk-2.1:] AndroidManifest.xml:21:13-73